<?xml version="1.0" encoding="UTF-8"?>
<testsuite xmlns:xsi="http://www.w3.org/2001/XMLSchema-instance" xsi:noNamespaceSchemaLocation="https://maven.apache.org/surefire/maven-surefire-plugin/xsd/surefire-test-report-3.0.xsd" version="3.0" name="co.edu.uptc.ModelTest" time="0.332" tests="6" errors="0" skipped="0" failures="0">
  <properties>
[...]
</properties>
  <testcase name="accountingBalanceCalculatesCorrectly" classname="co.edu.uptc.ModelTest" time="0.163"/>
  <testcase name="accountingStackPreservesLifoOrder" classname="co.edu.uptc.ModelTest" time="0.004"/>
  <testcase name="personQueuePreservesFifoOrder" classname="co.edu.uptc.ModelTest" time="0.012"/>
  <testcase name="addPersonIncreasesPersonList" classname="co.edu.uptc.ModelTest" time="0.004"/>
  <testcase name="addProductIncreasesProductList" classname="co.edu.uptc.ModelTest" time="0.008"/>
  <testcase name="productDescriptionIsUppercaseByDefault" classname="co.edu.uptc.ModelTest" time="0.003"/>
</testsuite>